<?xml version="1.0" encoding="UTF-8"?>
<!-- Generated by org.testng.reporters.JUnitXMLReporter -->
<testsuite ignored="0" hostname="DESKTOP-IERK743" failures="0" tests="3" name="Test" time="19.515" errors="0" timestamp="2023-02-28T12:42:36 IST">
  <testcase classname="ListnersandExtentReports.NopCommerceTests" name="testLogo" time="0.156"/>
  <testcase classname="ListnersandExtentReports.NopCommerceTests" name="testLogin" time="8.959"/>
  <testcase classname="ListnersandExtentReports.NopCommerceTests" name="testLogout" time="4.055"/>
</testsuite> <!-- Test -->
