<?xml version="1.0" encoding="UTF-8"?>
<!-- Generated by org.testng.reporters.JUnitXMLReporter -->
<testsuite ignored="6" hostname="DESKTOP-IERK743" failures="0" tests="3" name="my tests" time="0.059" errors="0" timestamp="2023-02-27T12:57:34 IST">
  <testcase classname="DataProvidersandGroupings.Grouping" name="loginByfacebook" time="0.009"/>
  <testcase classname="DataProvidersandGroupings.Grouping" name="loginBytwitter" time="0.002"/>
  <testcase classname="DataProvidersandGroupings.Grouping" name="paymentindollar" time="0.001"/>
  <testcase classname="DataProvidersandGroupings.Grouping" name="signupbyfacebook" time="0.0">
    <ignored/>
  </testcase> <!-- signupbyfacebook -->
  <testcase classname="DataProvidersandGroupings.Grouping" name="paymentReturnbyBank" time="0.0">
    <ignored/>
  </testcase> <!-- paymentReturnbyBank -->
  <testcase classname="DataProvidersandGroupings.Grouping" name="loginByEmail" time="0.0">
    <ignored/>
  </testcase> <!-- loginByEmail -->
  <testcase classname="DataProvidersandGroupings.Grouping" name="signupbyemail" time="0.0">
    <ignored/>
  </testcase> <!-- signupbyemail -->
  <testcase classname="DataProvidersandGroupings.Grouping" name="paymentinrupees" time="0.0">
    <ignored/>
  </testcase> <!-- paymentinrupees -->
  <testcase classname="DataProvidersandGroupings.Grouping" name="signupbytwitter" time="0.0">
    <ignored/>
  </testcase> <!-- signupbytwitter -->
</testsuite> <!-- my tests -->
