<?xml version="1.0" encoding="UTF-8"?>
<testng-results ignored="0" total="2" passed="2" failed="0" skipped="0">
  <reporter-output>
  </reporter-output>
  <suite started-at="2023-02-28T18:01:32 IST" name="Default suite" finished-at="2023-02-28T18:01:49 IST" duration-ms="16907">
    <groups>
    </groups>
    <test started-at="2023-02-28T18:01:32 IST" name="Default test" finished-at="2023-02-28T18:01:49 IST" duration-ms="16907">
      <class name="PageObjectModel.LoginTest">
        <test-method is-config="true" signature="setup()[pri:0, instance:PageObjectModel.LoginTest@3a44431a]" started-at="2023-02-28T18:01:32 IST" name="setup" finished-at="2023-02-28T18:01:47 IST" duration-ms="14844" status="PASS">
          <reporter-output>
          </reporter-output>
        </test-method> <!-- setup -->
        <test-method signature="testLogo()[pri:1, instance:PageObjectModel.LoginTest@3a44431a]" started-at="2023-02-28T18:01:47 IST" name="testLogo" finished-at="2023-02-28T18:01:47 IST" duration-ms="107" status="PASS">
          <reporter-output>
          </reporter-output>
        </test-method> <!-- testLogo -->
        <test-method signature="testLogin()[pri:2, instance:PageObjectModel.LoginTest@3a44431a]" started-at="2023-02-28T18:01:47 IST" name="testLogin" finished-at="2023-02-28T18:01:48 IST" duration-ms="1597" status="PASS">
          <reporter-output>
          </reporter-output>
        </test-method> <!-- testLogin -->
        <test-method is-config="true" signature="tearDown()[pri:0, instance:PageObjectModel.LoginTest@3a44431a]" started-at="2023-02-28T18:01:48 IST" name="tearDown" finished-at="2023-02-28T18:01:49 IST" duration-ms="316" status="PASS">
          <reporter-output>
          </reporter-output>
        </test-method> <!-- tearDown -->
      </class> <!-- PageObjectModel.LoginTest -->
    </test> <!-- Default test -->
  </suite> <!-- Default suite -->
</testng-results>
